---------------------------------------------
Log C:\CSG-DayZ-ChernarusPlus\profiles\script_2020-06-04_20-15-52.log started at 04.06. 20:15:53

SCRIPT       : Registered 220 temporary action enum(s), UAN==220
SCRIPT    (W): @"scripts/3_Game/systems\inventory\handfsm.c,100": Missing script declaration for method 'SgNetworkService.CreateLobby'
SCRIPT    (W): @"scripts/3_Game/systems\inventory\handfsm.c,100": Missing script declaration for method 'SgNetworkService.CancelFriend'
SCRIPT    (W): @"scripts/3_Game/systems\inventory\handfsm.c,100": Missing script declaration for method 'SgNetworkService.GameServerLoadMatchInfo'
SCRIPT    (W): @"scripts/3_Game/systems\inventory\handfsm.c,100": Missing script declaration for method 'SgNetworkService.CancelSearchForMatch'
SCRIPT    (W): @"scripts/3_Game/systems\inventory\handfsm.c,100": Missing script declaration for method 'SgNetworkService.SetLobbySlot'
SCRIPT    (W): @"scripts/3_Game/systems\inventory\handfsm.c,100": Missing script declaration for method 'SgNetworkService.LeaveLobby'
SCRIPT    (W): @"scripts/3_Game/systems\inventory\handfsm.c,100": Missing script declaration for method 'SgNetworkService.DeleteLobby'
SCRIPT    (W): @"scripts/3_Game/systems\inventory\handfsm.c,100": Missing script declaration for method 'SgNetworkService.JoinLobby'
SCRIPT    (W): @"scripts/3_Game/systems\inventory\handfsm.c,100": Missing script declaration for method 'SgNetworkService.StartLobbyGame'
SCRIPT    (W): @"scripts/3_Game/systems\inventory\handfsm.c,100": Missing script declaration for method 'SgNetworkService.GameServerReadyServer'
SCRIPT    (W): @"scripts/3_Game/systems\inventory\handfsm.c,100": Missing script declaration for method 'SgNetworkService.LeaveTeam'
SCRIPT    (W): @"scripts/3_Game/systems\inventory\handfsm.c,100": Missing script declaration for method 'SgNetworkService.LoadLobbyList'
SCRIPT    (W): @"scripts/3_Game/systems\inventory\handfsm.c,100": Missing script declaration for method 'SgNetworkService.JoinTeam'
SCRIPT    (W): @"scripts/3_Game/systems\inventory\handfsm.c,100": Missing script declaration for method 'SgNetworkService.GetUserUID'
SCRIPT    (W): @"scripts/3_Game/systems\inventory\handfsm.c,100": Missing script declaration for method 'SgNetworkService.ReadyLobbyPlayer'
SCRIPT    (W): @"scripts/3_Game/systems\inventory\handfsm.c,100": Missing script declaration for method 'SgNetworkService.GetService'
SCRIPT    (W): @"scripts/3_Game/systems\inventory\handfsm.c,100": Missing script declaration for method 'SgNetworkService.GameServerFinishGame'
SCRIPT    (W): @"scripts/3_Game/systems\inventory\handfsm.c,100": Missing script declaration for method 'SgNetworkService.InviteFriend'
SCRIPT    (W): @"scripts/3_Game/systems\inventory\handfsm.c,100": Missing script declaration for method 'SgNetworkService.StartSearchForMatch'
SCRIPT    (W): @"scripts/3_Game/human.c,1030": Missing script declaration for method 'HumanCommandScript.PostPhys_LockRotation'
SCRIPT    (W): @"scripts/3_Game/human.c,284": Method not linked 'HumanAnimInterface.SetInt'
SCRIPT    (W): @"scripts/3_Game/human.c,285": Method not linked 'HumanAnimInterface.SetBool'
SCRIPT    (W): @"scripts/3_Game/human.c,280": Method not linked 'HumanAnimInterface.CallCommand'
SCRIPT    (W): @"scripts/3_Game/human.c,283": Method not linked 'HumanAnimInterface.SetFloat'
SCRIPT    (W): @"scripts/3_Game/systems\inventory\humaninventory.c,48": Method not linked 'HumanInventory.GetFirstUserReservedLocationForContainer'
SCRIPT    (W): @"scripts/3_Game/systems\inventory\humaninventory.c,9": Missing script declaration for method 'HumanInventory.FindFirstUserReservedLocationIndexForContainer'
SCRIPT    (W): @"scripts/3_Game/entities\inventoryitem.c,120": Unsafe down-casting, use 'Object.Cast' for safe down-casting
SCRIPT       : CreateGame()
SCRIPT       : ... Backlit Effects Enabled
SCRIPT    (W): @"scripts/4_World/entities\dayzplayerimplement.c,27": Unsafe down-casting, use 'PlayerBase.Cast' for safe down-casting
SCRIPT    (W): @"scripts/4_World/entities\itembase.c,551": Unsafe down-casting, use 'PlayerBase.Cast' for safe down-casting
SCRIPT       : Chernarus::Weather::Rain::ForceEnd:: ( 20.5158 ) 0 -> 0
SCRIPT       : Chernarus::Weather::Rain::ForceEnd:: ( 21.1149 ) 0 -> 0
SCRIPT       : Chernarus::Weather::Rain::ForceEnd:: ( 21.7139 ) 0 -> 0
SCRIPT       : Chernarus::Weather::Fog:: ( 21.8785 ) 0.0660314
SCRIPT       : Chernarus::Weather::Rain::ForceEnd:: ( 22.3129 ) 0 -> 0
SCRIPT       : Chernarus::Weather::Rain::ForceEnd:: ( 22.9119 ) 0 -> 0
SCRIPT       : Chernarus::Weather::Overcast:: ( 23.2496 )  overcast: 0.131452
SCRIPT       : Chernarus::Weather::Overcast::Rain:: ( 23.2496 ) 0
SCRIPT       : Chernarus::Weather::Rain::ForceEnd:: ( 23.5109 ) 0 -> 0
SCRIPT       : Chernarus::Weather::Rain::ForceEnd:: ( 0.109892 ) 0 -> 0
SCRIPT       : Chernarus::Weather::Rain::ForceEnd:: ( 0.708892 ) 0 -> 0
SCRIPT       : Chernarus::Weather::Fog:: ( 0.900225 ) 0.0322343
SCRIPT       : Chernarus::Weather::Rain:: ( 1.30789 ) 0
SCRIPT       : Chernarus::Weather::Rain:: ( 1.92674 ) 0
SCRIPT       : Chernarus::Weather::Rain:: ( 2.15683 ) 0.309336
SCRIPT       : Chernarus::Weather::Rain:: ( 2.36691 ) 0.202301
SCRIPT       : Chernarus::Weather::Rain:: ( 2.66703 ) 0.419951
SCRIPT       : Chernarus::Weather::Rain:: ( 2.88712 ) 0.604918
SCRIPT       : Chernarus::Weather::Rain:: ( 3.22059 ) 0.209601
SCRIPT       : Chernarus::Weather::Rain:: ( 3.91228 ) 0
SCRIPT       : Chernarus::Weather::Rain:: ( 4.18906 ) 0.587158
SCRIPT       : Chernarus::Weather::Rain:: ( 4.43249 ) 0.574218
SCRIPT       : Chernarus::Weather::Overcast:: ( 5.06873 )  overcast: 0.838801
SCRIPT       : Chernarus::Weather::Overcast::Rain:: ( 5.06873 ) 0
SCRIPT       : Chernarus::Weather::Rain:: ( 5.09769 ) 0
SCRIPT       : Chernarus::Weather::Rain:: ( 5.4912 ) 0.275631
SCRIPT       : Chernarus::Weather::Rain:: ( 6.16301 ) 0
SCRIPT       : Chernarus::Weather::Rain:: ( 6.42643 ) 0.358391
SCRIPT       : Chernarus::Weather::Rain:: ( 6.74656 ) 0.18771
SCRIPT       : Chernarus::Weather::Fog:: ( 6.99467 ) 0.137562
SCRIPT       : Chernarus::Weather::Rain::ForceEnd:: ( 7.00666 ) 0.458937 -> 0
SCRIPT       : Chernarus::Weather::Rain::ForceEnd:: ( 7.60566 ) 0 -> 0
SCRIPT       : Chernarus::Weather::Rain::ForceEnd:: ( 8.20466 ) 0 -> 0
SCRIPT       : Chernarus::Weather::Rain::ForceEnd:: ( 8.80366 ) 0 -> 0
SCRIPT       : Chernarus::Weather::Rain::ForceEnd:: ( 9.40266 ) 0 -> 0
SCRIPT       : Chernarus::Weather::Overcast:: ( 9.77291 )  overcast: 0.562819
SCRIPT       : Chernarus::Weather::Overcast::Rain:: ( 9.77291 ) 0
SCRIPT       : Chernarus::Weather::Rain::ForceEnd:: ( 10.0017 ) 0 -> 0
SCRIPT       : Chernarus::Weather::Rain::ForceEnd:: ( 10.6007 ) 0 -> 0
SCRIPT       : Chernarus::Weather::Rain::ForceEnd:: ( 11.1997 ) 0 -> 0
SCRIPT       : Chernarus::Weather::Rain::ForceEnd:: ( 11.7987 ) 0 -> 0
SCRIPT       : Chernarus::Weather::Rain::ForceEnd:: ( 12.3977 ) 0 -> 0
SCRIPT       : Chernarus::Weather::Rain::ForceEnd:: ( 12.9967 ) 0 -> 0
SCRIPT       : Chernarus::Weather::Fog:: ( 13.087 ) 0.137563
SCRIPT       : Chernarus::Weather::Rain::ForceEnd:: ( 13.5957 ) 0 -> 0
SCRIPT       : Chernarus::Weather::Rain::ForceEnd:: ( 14.1947 ) 0 -> 0
SCRIPT       : Chernarus::Weather::Overcast:: ( 14.2105 )  overcast: 0.135768
SCRIPT       : Chernarus::Weather::Overcast::Rain:: ( 14.2105 ) 0
SCRIPT       : Chernarus::Weather::Rain::ForceEnd:: ( 14.7937 ) 0 -> 0
SCRIPT       : Chernarus::Weather::Rain::ForceEnd:: ( 15.3927 ) 0 -> 0
SCRIPT       : Chernarus::Weather::Rain::ForceEnd:: ( 15.9917 ) 0 -> 0
SCRIPT       : Chernarus::Weather::Fog:: ( 16.1087 ) 0.0699735
SCRIPT       : Chernarus::Weather::Rain::ForceEnd:: ( 16.5907 ) 0 -> 0
SCRIPT       : Chernarus::Weather::Rain::ForceEnd:: ( 17.1897 ) 0 -> 0
SCRIPT       : Chernarus::Weather::Rain::ForceEnd:: ( 17.7887 ) 0 -> 0
SCRIPT       : Chernarus::Weather::Rain::ForceEnd:: ( 18.3877 ) 0 -> 0
SCRIPT       : Chernarus::Weather::Overcast:: ( 18.6344 )  overcast: 0.272048
SCRIPT       : Chernarus::Weather::Overcast::Rain:: ( 18.6344 ) 0
SCRIPT       : Chernarus::Weather::Rain::ForceEnd:: ( 18.9867 ) 0 -> 0
SCRIPT       : Chernarus::Weather::Fog:: ( 19.1305 ) 0.0410974
SCRIPT       : Chernarus::Weather::Rain::ForceEnd:: ( 19.5857 ) 0 -> 0
SCRIPT       : Chernarus::Weather::Rain::ForceEnd:: ( 20.1847 ) 0 -> 0
SCRIPT       : Chernarus::Weather::Rain::ForceEnd:: ( 20.7837 ) 0 -> 0
SCRIPT       : Chernarus::Weather::Rain::ForceEnd:: ( 21.3827 ) 0 -> 0
SCRIPT       : Chernarus::Weather::Rain::ForceEnd:: ( 21.9817 ) 0 -> 0
SCRIPT       : Chernarus::Weather::Fog:: ( 22.1522 ) 0.0497696
SCRIPT       : Chernarus::Weather::Rain::ForceEnd:: ( 22.5807 ) 0 -> 0
SCRIPT       : Chernarus::Weather::Rain::ForceEnd:: ( 23.1797 ) 0 -> 0
SCRIPT       : Chernarus::Weather::Rain::ForceEnd:: ( 23.7787 ) 0 -> 0
SCRIPT       : Chernarus::Weather::Overcast:: ( 0.265932 )  overcast: 0.41742
SCRIPT       : Chernarus::Weather::Overcast::Rain:: ( 0.265932 ) 0
SCRIPT       : Chernarus::Weather::Rain::ForceEnd:: ( 0.377669 ) 0 -> 0
SCRIPT       : Chernarus::Weather::Rain::ForceEnd:: ( 0.976672 ) 0 -> 0
SCRIPT       : Chernarus::Weather::Rain::ForceEnd:: ( 1.57567 ) 0 -> 0
SCRIPT       : Chernarus::Weather::Rain::ForceEnd:: ( 2.17467 ) 0 -> 0
SCRIPT       : Chernarus::Weather::Rain::ForceEnd:: ( 2.77367 ) 0 -> 0
SCRIPT       : Chernarus::Weather::Rain::ForceEnd:: ( 3.37267 ) 0 -> 0
SCRIPT       : Chernarus::Weather::Rain::ForceEnd:: ( 3.97168 ) 0 -> 0
SCRIPT       : Chernarus::Weather::Fog:: ( 4.24429 ) 0.147482
SCRIPT       : Chernarus::Weather::Rain::ForceEnd:: ( 4.57068 ) 0 -> 0
SCRIPT       : Chernarus::Weather::Overcast:: ( 4.95582 )  overcast: 0.213443
SCRIPT       : Chernarus::Weather::Overcast::Rain:: ( 4.95582 ) 0
SCRIPT       : Chernarus::Weather::Rain::ForceEnd:: ( 5.16968 ) 0 -> 0
SCRIPT       : Chernarus::Weather::Rain::ForceEnd:: ( 5.76868 ) 0 -> 0
SCRIPT       : Chernarus::Weather::Rain::ForceEnd:: ( 6.36767 ) 0 -> 0
SCRIPT       : Chernarus::Weather::Rain::ForceEnd:: ( 6.96667 ) 0 -> 0
SCRIPT       : Chernarus::Weather::Fog:: ( 7.26603 ) 0.0758641
SCRIPT       : Chernarus::Weather::Rain::ForceEnd:: ( 7.56568 ) 0 -> 0
SCRIPT       : Chernarus::Weather::Rain::ForceEnd:: ( 8.16468 ) 0 -> 0
SCRIPT       : Chernarus::Weather::Rain::ForceEnd:: ( 8.76367 ) 0 -> 0
SCRIPT       : Chernarus::Weather::Overcast:: ( 9.17846 )  overcast: 0.449693
SCRIPT       : Chernarus::Weather::Overcast::Rain:: ( 9.17846 ) 0
SCRIPT       : Chernarus::Weather::Rain::ForceEnd:: ( 9.36267 ) 0 -> 0
SCRIPT       : Chernarus::Weather::Rain:: ( 9.96167 ) 0
SCRIPT       : Chernarus::Weather::Rain:: ( 10.7063 ) 0
SCRIPT       : Chernarus::Weather::Rain:: ( 11.0965 ) 0.247704
SCRIPT       : Chernarus::Weather::Rain:: ( 11.3299 ) 0.203204
SCRIPT       : Chernarus::Weather::Rain::ForceStorm:: ( 12.0977 ) 0 -> 0.955882
SCRIPT       : Chernarus::Weather::Rain::ForceStorm:: ( 12.4379 ) 0.955331 -> 0.935527
SCRIPT       : Chernarus::Weather::Rain::ForceStorm:: ( 12.7047 ) 0.936235 -> 0.979565
SCRIPT       : Chernarus::Weather::Rain::ForceStorm:: ( 13.0548 ) 0.979565 -> 0.809882
SCRIPT       : Chernarus::Weather::Rain::ForceStorm:: ( 13.3149 ) 0.812077 -> 0.91829
SCRIPT       : Chernarus::Weather::Fog:: ( 13.3582 ) 0.0265557
SCRIPT       : Chernarus::Weather::Rain::ForceStorm:: ( 13.6617 ) 0.917522 -> 0.825086
SCRIPT       : Chernarus::Weather::Rain::ForceStorm:: ( 13.9785 ) 0.826845 -> 0.911185
SCRIPT       : Chernarus::Weather::Rain::ForceStorm:: ( 14.3354 ) 0.909823 -> 0.837312
SCRIPT       : Chernarus::Weather::Rain::ForceStorm:: ( 14.6155 ) 0.839653 -> 0.80351
SCRIPT       : Chernarus::Weather::Rain::ForceStorm:: ( 14.8289 ) 0.805269 -> 0.818043
SCRIPT       : Chernarus::Weather::Overcast:: ( 14.9431 )  overcast: 0.976965
SCRIPT       : Chernarus::Weather::Overcast::Rain:: ( 14.9431 ) 0.811392
SCRIPT       : Chernarus::Weather::Rain::ForceStorm:: ( 15.0723 ) 0.818043 -> 0.939024
SCRIPT       : Chernarus::Weather::Rain::ForceStorm:: ( 15.3057 ) 0.939024 -> 0.876687
SCRIPT       : Chernarus::Weather::Rain:: ( 15.5492 ) 0.878052
SCRIPT       : Chernarus::Weather::Rain:: ( 15.8093 ) 0.468743
SCRIPT       : Chernarus::Weather::Rain:: ( 16.4778 ) 0
SCRIPT       : Chernarus::Weather::Rain:: ( 17.1298 ) 0
SCRIPT       : Chernarus::Weather::Rain::ForceEnd:: ( 17.7354 ) 0 -> 0
SCRIPT       : Chernarus::Weather::Rain::ForceEnd:: ( 18.3344 ) 0 -> 0
SCRIPT       : Chernarus::Weather::Rain::ForceEnd:: ( 18.9334 ) 0 -> 0
SCRIPT       : Chernarus::Weather::Fog:: ( 19.4502 ) 0.0401773
SCRIPT       : Chernarus::Weather::Rain::ForceEnd:: ( 19.5324 ) 0 -> 0
