---------------------------------------------
Log C:\CSG-DayZ-ChernarusPlus\profiles\script_2020-06-05_08-15-51.log started at 05.06. 08:15:52

SCRIPT       : Registered 220 temporary action enum(s), UAN==220
SCRIPT    (W): @"scripts/3_Game/systems\inventory\handfsm.c,100": Missing script declaration for method 'SgNetworkService.CreateLobby'
SCRIPT    (W): @"scripts/3_Game/systems\inventory\handfsm.c,100": Missing script declaration for method 'SgNetworkService.CancelFriend'
SCRIPT    (W): @"scripts/3_Game/systems\inventory\handfsm.c,100": Missing script declaration for method 'SgNetworkService.GameServerLoadMatchInfo'
SCRIPT    (W): @"scripts/3_Game/systems\inventory\handfsm.c,100": Missing script declaration for method 'SgNetworkService.CancelSearchForMatch'
SCRIPT    (W): @"scripts/3_Game/systems\inventory\handfsm.c,100": Missing script declaration for method 'SgNetworkService.SetLobbySlot'
SCRIPT    (W): @"scripts/3_Game/systems\inventory\handfsm.c,100": Missing script declaration for method 'SgNetworkService.LeaveLobby'
SCRIPT    (W): @"scripts/3_Game/systems\inventory\handfsm.c,100": Missing script declaration for method 'SgNetworkService.DeleteLobby'
SCRIPT    (W): @"scripts/3_Game/systems\inventory\handfsm.c,100": Missing script declaration for method 'SgNetworkService.JoinLobby'
SCRIPT    (W): @"scripts/3_Game/systems\inventory\handfsm.c,100": Missing script declaration for method 'SgNetworkService.StartLobbyGame'
SCRIPT    (W): @"scripts/3_Game/systems\inventory\handfsm.c,100": Missing script declaration for method 'SgNetworkService.GameServerReadyServer'
SCRIPT    (W): @"scripts/3_Game/systems\inventory\handfsm.c,100": Missing script declaration for method 'SgNetworkService.LeaveTeam'
SCRIPT    (W): @"scripts/3_Game/systems\inventory\handfsm.c,100": Missing script declaration for method 'SgNetworkService.LoadLobbyList'
SCRIPT    (W): @"scripts/3_Game/systems\inventory\handfsm.c,100": Missing script declaration for method 'SgNetworkService.JoinTeam'
SCRIPT    (W): @"scripts/3_Game/systems\inventory\handfsm.c,100": Missing script declaration for method 'SgNetworkService.GetUserUID'
SCRIPT    (W): @"scripts/3_Game/systems\inventory\handfsm.c,100": Missing script declaration for method 'SgNetworkService.ReadyLobbyPlayer'
SCRIPT    (W): @"scripts/3_Game/systems\inventory\handfsm.c,100": Missing script declaration for method 'SgNetworkService.GetService'
SCRIPT    (W): @"scripts/3_Game/systems\inventory\handfsm.c,100": Missing script declaration for method 'SgNetworkService.GameServerFinishGame'
SCRIPT    (W): @"scripts/3_Game/systems\inventory\handfsm.c,100": Missing script declaration for method 'SgNetworkService.InviteFriend'
SCRIPT    (W): @"scripts/3_Game/systems\inventory\handfsm.c,100": Missing script declaration for method 'SgNetworkService.StartSearchForMatch'
SCRIPT    (W): @"scripts/3_Game/human.c,1030": Missing script declaration for method 'HumanCommandScript.PostPhys_LockRotation'
SCRIPT    (W): @"scripts/3_Game/human.c,284": Method not linked 'HumanAnimInterface.SetInt'
SCRIPT    (W): @"scripts/3_Game/human.c,285": Method not linked 'HumanAnimInterface.SetBool'
SCRIPT    (W): @"scripts/3_Game/human.c,280": Method not linked 'HumanAnimInterface.CallCommand'
SCRIPT    (W): @"scripts/3_Game/human.c,283": Method not linked 'HumanAnimInterface.SetFloat'
SCRIPT    (W): @"scripts/3_Game/systems\inventory\humaninventory.c,48": Method not linked 'HumanInventory.GetFirstUserReservedLocationForContainer'
SCRIPT    (W): @"scripts/3_Game/systems\inventory\humaninventory.c,9": Missing script declaration for method 'HumanInventory.FindFirstUserReservedLocationIndexForContainer'
SCRIPT    (W): @"scripts/3_Game/entities\inventoryitem.c,120": Unsafe down-casting, use 'Object.Cast' for safe down-casting
SCRIPT       : CreateGame()
SCRIPT       : ... Backlit Effects Enabled
SCRIPT    (W): @"scripts/4_World/entities\dayzplayerimplement.c,27": Unsafe down-casting, use 'PlayerBase.Cast' for safe down-casting
SCRIPT    (W): @"scripts/4_World/entities\itembase.c,551": Unsafe down-casting, use 'PlayerBase.Cast' for safe down-casting
SCRIPT       : Chernarus::Weather::Rain::ForceEnd:: ( 8.62507 ) 0 -> 0
SCRIPT       : Chernarus::Weather::Rain::ForceEnd:: ( 9.2241 ) 0 -> 0
SCRIPT       : Chernarus::Weather::Rain::ForceEnd:: ( 9.8231 ) 0 -> 0
SCRIPT       : Chernarus::Weather::Rain::ForceEnd:: ( 10.4221 ) 0 -> 0
SCRIPT       : Chernarus::Weather::Rain::ForceEnd:: ( 11.0211 ) 0 -> 0
SCRIPT       : Chernarus::Weather::Rain::ForceEnd:: ( 11.6201 ) 0 -> 0
SCRIPT       : Chernarus::Weather::Rain::ForceEnd:: ( 12.2191 ) 0 -> 0
SCRIPT       : Chernarus::Weather::Overcast:: ( 12.5369 )  overcast: 0.595526
SCRIPT       : Chernarus::Weather::Overcast::Rain:: ( 12.5369 ) 0
SCRIPT       : Chernarus::Weather::Fog:: ( 12.8079 ) 0.0564898
SCRIPT       : Chernarus::Weather::Rain::ForceEnd:: ( 12.8181 ) 0 -> 0
SCRIPT       : Chernarus::Weather::Rain::ForceEnd:: ( 13.4171 ) 0 -> 0
SCRIPT       : Chernarus::Weather::Rain::ForceEnd:: ( 14.0161 ) 0 -> 0
SCRIPT       : Chernarus::Weather::Rain::ForceEnd:: ( 14.6151 ) 0 -> 0
SCRIPT       : Chernarus::Weather::Rain::ForceEnd:: ( 15.2141 ) 0 -> 0
SCRIPT       : Chernarus::Weather::Rain::ForceEnd:: ( 15.8131 ) 0 -> 0
SCRIPT       : Chernarus::Weather::Rain::ForceEnd:: ( 16.4121 ) 0 -> 0
SCRIPT       : Chernarus::Weather::Overcast:: ( 16.9098 )  overcast: 0.0974059
SCRIPT       : Chernarus::Weather::Overcast::Rain:: ( 16.9098 ) 0
SCRIPT       : Chernarus::Weather::Rain::ForceEnd:: ( 17.0111 ) 0 -> 0
SCRIPT       : Chernarus::Weather::Rain::ForceEnd:: ( 17.6101 ) 0 -> 0
SCRIPT       : Chernarus::Weather::Rain::ForceEnd:: ( 18.2091 ) 0 -> 0
SCRIPT       : Chernarus::Weather::Rain::ForceEnd:: ( 18.8081 ) 0 -> 0
SCRIPT       : Chernarus::Weather::Fog:: ( 18.9003 ) 0.124186
SCRIPT       : Chernarus::Weather::Rain::ForceEnd:: ( 19.4071 ) 0 -> 0
SCRIPT       : Chernarus::Weather::Rain:: ( 20.0061 ) 0
SCRIPT       : Chernarus::Weather::Rain:: ( 20.3962 ) 0.133454
SCRIPT       : Chernarus::Weather::Rain:: ( 21.0714 ) 0
SCRIPT       : Chernarus::Weather::Rain:: ( 21.3782 ) 0.298614
SCRIPT       : Chernarus::Weather::Rain:: ( 22.0897 ) 0
SCRIPT       : Chernarus::Weather::Rain:: ( 22.8509 ) 0
SCRIPT       : Chernarus::Weather::Overcast:: ( 22.8656 )  overcast: 0.630348
SCRIPT       : Chernarus::Weather::Overcast::Rain:: ( 22.8656 ) 0.0116928
SCRIPT       : Chernarus::Weather::Rain:: ( 23.1911 ) 0.270092
SCRIPT       : Chernarus::Weather::Rain::ForceEnd:: ( 23.4945 ) 0.226731 -> 0
SCRIPT       : Chernarus::Weather::Rain::ForceEnd:: ( 0.0935301 ) 0 -> 0
SCRIPT       : Chernarus::Weather::Rain::ForceEnd:: ( 0.692527 ) 0 -> 0
SCRIPT       : Chernarus::Weather::Fog:: ( 0.992627 ) 0.0264004
SCRIPT       : Chernarus::Weather::Rain::ForceEnd:: ( 1.29153 ) 0 -> 0
SCRIPT       : Chernarus::Weather::Rain::ForceEnd:: ( 1.89052 ) 0 -> 0
SCRIPT       : Chernarus::Weather::Rain::ForceEnd:: ( 2.48952 ) 0 -> 0
SCRIPT       : Chernarus::Weather::Rain::ForceEnd:: ( 3.08852 ) 0 -> 0
SCRIPT       : Chernarus::Weather::Rain::ForceEnd:: ( 3.68752 ) 0 -> 0
SCRIPT       : Chernarus::Weather::Rain::ForceEnd:: ( 4.28654 ) 0 -> 0
SCRIPT       : Chernarus::Weather::Overcast:: ( 4.42913 )  overcast: 0.43325
SCRIPT       : Chernarus::Weather::Overcast::Rain:: ( 4.42913 ) 0
SCRIPT       : Chernarus::Weather::Rain::ForceEnd:: ( 4.88553 ) 0 -> 0
SCRIPT       : Chernarus::Weather::Rain:: ( 5.48453 ) 0
SCRIPT       : Chernarus::Weather::Rain:: ( 5.86803 ) 0.156401
SCRIPT       : Chernarus::Weather::Rain:: ( 6.07144 ) 0.132066
SCRIPT       : Chernarus::Weather::Rain:: ( 6.43493 ) 0.259743
SCRIPT       : Chernarus::Weather::Fog:: ( 7.08487 ) 0.0028428
SCRIPT       : Chernarus::Weather::Rain::ForceStorm:: ( 7.20276 ) 0 -> 0.894168
SCRIPT       : Chernarus::Weather::Rain::ForceStorm:: ( 7.48288 ) 0.894168 -> 0.972173
SCRIPT       : Chernarus::Weather::Rain::ForceStorm:: ( 7.8297 ) 0.972173 -> 0.895645
SCRIPT       : Chernarus::Weather::Rain::ForceStorm:: ( 8.0898 ) 0.89772 -> 0.849391
SCRIPT       : Chernarus::Weather::Rain::ForceStorm:: ( 8.39993 ) 0.849391 -> 0.802283
SCRIPT       : Chernarus::Weather::Rain::ForceStorm:: ( 8.71673 ) 0.804037 -> 0.892612
SCRIPT       : Chernarus::Weather::Rain::ForceStorm:: ( 9.07689 ) 0.892612 -> 0.941557
SCRIPT       : Chernarus::Weather::Rain::ForceStorm:: ( 9.347 ) 0.940924 -> 0.885922
SCRIPT       : Chernarus::Weather::Rain::ForceStorm:: ( 9.58375 ) 0.885922 -> 0.855886
SCRIPT       : Chernarus::Weather::Overcast:: ( 9.72298 )  overcast: 0.983825
SCRIPT       : Chernarus::Weather::Overcast::Rain:: ( 9.72298 ) 0.866019
SCRIPT       : Chernarus::Weather::Rain::ForceStorm:: ( 9.8005 ) 0.855886 -> 0.843446
SCRIPT       : Chernarus::Weather::Rain::ForceStorm:: ( 10.184 ) 0.843446 -> 0.903525
SCRIPT       : Chernarus::Weather::Rain:: ( 10.5175 ) 0.903082
SCRIPT       : Chernarus::Weather::Rain:: ( 10.8009 ) 0.217842
SCRIPT       : Chernarus::Weather::Rain:: ( 11.011 ) 0.251302
SCRIPT       : Chernarus::Weather::Rain:: ( 11.2878 ) 0.382257
SCRIPT       : Chernarus::Weather::Rain:: ( 11.6446 ) 0.66173
SCRIPT       : Chernarus::Weather::Rain:: ( 12.3628 ) 0
SCRIPT       : Chernarus::Weather::Rain:: ( 13.1405 ) 0
SCRIPT       : Chernarus::Weather::Fog:: ( 13.177 ) 0.00803587
SCRIPT       : Chernarus::Weather::Rain:: ( 13.4573 ) 0.687085
SCRIPT       : Chernarus::Weather::Rain:: ( 13.7408 ) 0.44319
SCRIPT       : Chernarus::Weather::Rain:: ( 14.1343 ) 0.683308
SCRIPT       : Chernarus::Weather::Rain:: ( 14.3944 ) 0.250746
SCRIPT       : Chernarus::Weather::Overcast:: ( 14.662 )  overcast: 0.755913
SCRIPT       : Chernarus::Weather::Overcast::Rain:: ( 14.662 ) 0.0772642
SCRIPT       : Chernarus::Weather::Rain:: ( 15.1788 ) 0
SCRIPT       : Chernarus::Weather::Rain::ForceEnd:: ( 15.7844 ) 0 -> 0
SCRIPT       : Chernarus::Weather::Rain::ForceEnd:: ( 16.3834 ) 0 -> 0
SCRIPT       : Chernarus::Weather::Rain::ForceEnd:: ( 16.9824 ) 0 -> 0
SCRIPT       : Chernarus::Weather::Rain::ForceEnd:: ( 17.5814 ) 0 -> 0
SCRIPT       : Chernarus::Weather::Rain::ForceEnd:: ( 18.1804 ) 0 -> 0
SCRIPT       : Chernarus::Weather::Rain::ForceEnd:: ( 18.7794 ) 0 -> 0
SCRIPT       : Chernarus::Weather::Fog:: ( 19.2691 ) 0.0160634
SCRIPT       : Chernarus::Weather::Rain::ForceEnd:: ( 19.3784 ) 0 -> 0
